<?xml version="1.0" encoding="UTF-8"?>
<testsuite name="TestSuite" time="0.018" tests="2" errors="0" skipped="0" failures="0">
  <properties>
    <property name="java.runtime.name" value="Java(TM) SE Runtime Environment"/>
    <property name="xmlFileName" value="testng.xml"/>
    <property name="sun.boot.library.path" value="C:\Program Files\Java\jdk1.8.0_171\jre\bin"/>
    <property name="java.vm.version" value="25.171-b11"/>
    <property name="java.vm.vendor" value="Oracle Corporation"/>
    <property name="maven.multiModuleProjectDirectory" value="D:\Java--file\TestNGDemo"/>
    <property name="java.vendor.url" value="http://java.oracle.com/"/>
    <property name="path.separator" value=";"/>
    <property name="guice.disable.misplaced.annotation.check" value="true"/>
    <property name="java.vm.name" value="Java HotSpot(TM) 64-Bit Server VM"/>
    <property name="file.encoding.pkg" value="sun.io"/>
    <property name="user.script" value=""/>
    <property name="user.country" value="CN"/>
    <property name="sun.java.launcher" value="SUN_STANDARD"/>
    <property name="sun.os.patch.level" value="Service Pack 1"/>
    <property name="java.vm.specification.name" value="Java Virtual Machine Specification"/>
    <property name="user.dir" value="D:\Java--file\TestNGDemo"/>
    <property name="java.runtime.version" value="1.8.0_171-b11"/>
    <property name="java.awt.graphicsenv" value="sun.awt.Win32GraphicsEnvironment"/>
    <property name="basedir" value="D:\Java--file\TestNGDemo"/>
    <property name="java.endorsed.dirs" value="C:\Program Files\Java\jdk1.8.0_171\jre\lib\endorsed"/>
    <property name="os.arch" value="amd64"/>
    <property name="java.io.tmpdir" value="C:\Users\fokui\AppData\Local\Temp\"/>
    <property name="line.separator" value="&#10;"/>
    <property name="java.vm.specification.vendor" value="Oracle Corporation"/>
    <property name="user.variant" value=""/>
    <property name="os.name" value="Windows 7"/>
    <property name="classworlds.conf" value="D:\maven\apache-maven-3.5.0\bin\..\bin\m2.conf"/>
    <property name="sun.jnu.encoding" value="GBK"/>
    <property name="java.library.path" value="C:\Program Files\Java\jdk1.8.0_171\bin;C:\Windows\Sun\Java\bin;C:\Windows\system32;C:\Windows;C:\Program Files (x86)\Common Files\Oracle\Java\javapath;C:\Program Files\Java\jdk1.8.0_171\bin;C:\Program Files\Java\jdk1.8.0_171\jre\bin;D:\fo--tool\git\Git\cmd;D:\fo--tool\node.js\nodejs\;D:\Python\venv\Scripts\python.exe;D:\maven\apache-maven-3.5.0\bin;D:\Appium\android-sdk;D:\Appium\android-sdk\tools;D:\Appium\android-sdk\platform-tools;D:\Appium\AppiumForWindows_1_4_16_1\Appium\node_modules\.bin\;D:\Appium\android-sdk\build-tools;C:\Windows/system32;C:\Windows;C:\Users\fokui\AppData\Local\Programs\Python\Python36-32\Scripts\chromedriver.exe;C:\Program Files (x86)\Google\Chrome\Application\chrome.exe;D:\小乌龟\bin;C:\Users\fokui\AppData\Local\Programs\Python\Python36-32\Scripts\;C:\Users\fokui\AppData\Local\Programs\Python\Python36-32\;D:\fo--tool\VsCode\Microsoft VS Code\bin;C:\Users\fokui\AppData\Roaming\npm;C:\Users\fokui\AppData\Local\BypassRuntm;."/>
    <property name="surefire.test.class.path" value="D:\Java--file\TestNGDemo\target\test-classes;D:\Java--file\TestNGDemo\target\classes;D:\maven\repo\org\testng\testng\6.9.5\testng-6.9.5.jar;D:\maven\repo\junit\junit\4.10\junit-4.10.jar;D:\maven\repo\org\hamcrest\hamcrest-core\1.1\hamcrest-core-1.1.jar;D:\maven\repo\com\beust\jcommander\1.48\jcommander-1.48.jar;D:\maven\repo\org\apache\ant\ant\1.7.0\ant-1.7.0.jar;D:\maven\repo\org\apache\ant\ant-launcher\1.7.0\ant-launcher-1.7.0.jar;D:\maven\repo\com\google\inject\guice\4.0\guice-4.0-no_aop.jar;D:\maven\repo\javax\inject\javax.inject\1\javax.inject-1.jar;D:\maven\repo\aopalliance\aopalliance\1.0\aopalliance-1.0.jar;D:\maven\repo\com\google\guava\guava\16.0.1\guava-16.0.1.jar;D:\maven\repo\org\yaml\snakeyaml\1.15\snakeyaml-1.15.jar;D:\maven\repo\org\beanshell\bsh\2.0b4\bsh-2.0b4.jar;D:\maven\repo\org\apache\maven\surefire\surefire-testng-utils\2.18.1\surefire-testng-utils-2.18.1.jar;D:\maven\repo\org\apache\maven\surefire\surefire-grouper\2.18.1\surefire-grouper-2.18.1.jar;"/>
    <property name="maven.conf" value="D:\maven\apache-maven-3.5.0\bin\../conf"/>
    <property name="java.specification.name" value="Java Platform API Specification"/>
    <property name="java.class.version" value="52.0"/>
    <property name="sun.management.compiler" value="HotSpot 64-Bit Tiered Compilers"/>
    <property name="os.version" value="6.1"/>
    <property name="library.jansi.path" value="D:\maven\apache-maven-3.5.0\bin\..\lib\jansi-native\windows64"/>
    <property name="user.home" value="C:\Users\fokui"/>
    <property name="user.timezone" value="Asia/Shanghai"/>
    <property name="java.awt.printerjob" value="sun.awt.windows.WPrinterJob"/>
    <property name="java.specification.version" value="1.8"/>
    <property name="file.encoding" value="GBK"/>
    <property name="user.name" value="fokui"/>
    <property name="java.class.path" value="D:\maven\apache-maven-3.5.0\bin\..\boot\plexus-classworlds-2.5.2.jar"/>
    <property name="java.vm.specification.version" value="1.8"/>
    <property name="sun.arch.data.model" value="64"/>
    <property name="java.home" value="C:\Program Files\Java\jdk1.8.0_171\jre"/>
    <property name="sun.java.command" value="org.codehaus.plexus.classworlds.launcher.Launcher -f pom.xml clean test -DxmlFileName=testng.xml"/>
    <property name="java.specification.vendor" value="Oracle Corporation"/>
    <property name="user.language" value="zh"/>
    <property name="awt.toolkit" value="sun.awt.windows.WToolkit"/>
    <property name="java.vm.info" value="mixed mode"/>
    <property name="java.version" value="1.8.0_171"/>
    <property name="java.ext.dirs" value="C:\Program Files\Java\jdk1.8.0_171\jre\lib\ext;C:\Windows\Sun\Java\lib\ext"/>
    <property name="sun.boot.class.path" value="C:\Program Files\Java\jdk1.8.0_171\jre\lib\resources.jar;C:\Program Files\Java\jdk1.8.0_171\jre\lib\rt.jar;C:\Program Files\Java\jdk1.8.0_171\jre\lib\sunrsasign.jar;C:\Program Files\Java\jdk1.8.0_171\jre\lib\jsse.jar;C:\Program Files\Java\jdk1.8.0_171\jre\lib\jce.jar;C:\Program Files\Java\jdk1.8.0_171\jre\lib\charsets.jar;C:\Program Files\Java\jdk1.8.0_171\jre\lib\jfr.jar;C:\Program Files\Java\jdk1.8.0_171\jre\classes"/>
    <property name="sun.stderr.encoding" value="ms936"/>
    <property name="java.vendor" value="Oracle Corporation"/>
    <property name="maven.home" value="D:\maven\apache-maven-3.5.0\bin\.."/>
    <property name="localRepository" value="D:\maven\repo"/>
    <property name="file.separator" value="\"/>
    <property name="java.vendor.url.bug" value="http://bugreport.sun.com/bugreport/"/>
    <property name="sun.cpu.endian" value="little"/>
    <property name="sun.io.unicode.encoding" value="UnicodeLittle"/>
    <property name="sun.stdout.encoding" value="ms936"/>
    <property name="sun.desktop" value="windows"/>
    <property name="sun.cpu.isalist" value="amd64"/>
  </properties>
  <testcase name="testcase" classname="test.testng.demo.script.TestHelloWorldTest" time="0.016"/>
  <testcase name="parameterTest" classname="test.testng.demo.script.ParameterTest" time="0.002"/>
</testsuite>