<?xml version="1.0" encoding="UTF-8"?>
<!-- Generated by org.testng.reporters.JUnitReportReporter -->
<testsuite hostname="HZ0430L" name="test.testng.demo.script.TestHelloWorldTest" tests="1" failures="0" timestamp="10 Jun 2019 12:09:32 GMT" time="0.012" errors="0">
  <testcase name="testcase" time="0.012" classname="test.testng.demo.script.TestHelloWorldTest"/>
</testsuite> <!-- test.testng.demo.script.TestHelloWorldTest -->
