<?xml version="1.0" encoding="UTF-8"?>
<!-- Generated by org.testng.reporters.JUnitReportReporter -->
<testsuite hostname="HZ0430L" name="test.testng.demo.script.TestHelloWorldTest" tests="1" failures="0" timestamp="4 Sep 2019 07:45:02 GMT" time="0.017" errors="0">
  <testcase name="testcase" time="0.017" classname="test.testng.demo.script.TestHelloWorldTest"/>
</testsuite> <!-- test.testng.demo.script.TestHelloWorldTest -->
