<?xml version="1.0" encoding="UTF-8"?>
<!-- Generated by org.testng.reporters.JUnitReportReporter -->
<testsuite hostname="HZ0430L" name="test.testng.demo.script.ParameterTest" tests="1" failures="0" timestamp="4 Sep 2019 07:45:02 GMT" time="0.002" errors="0">
  <testcase name="parameterTest" time="0.002" classname="test.testng.demo.script.ParameterTest"/>
</testsuite> <!-- test.testng.demo.script.ParameterTest -->
